# JRE version: OpenJDK Runtime Environment (8.0_60-b24) (build 1.8.0_60-b24)
# Java VM: OpenJDK 64-Bit Server VM (25.60-b23 mixed mode linux-amd64 compressed oops)
Heap:
 PSYoungGen      total 68608K, used 26760K [0x00000000d6b00000, 0x00000000df100000, 0x0000000100000000)
  eden space 63488K, 42% used [0x00000000d6b00000,0x00000000d8522190,0x00000000da900000)
  from space 5120K, 0% used [0x00000000da900000,0x00000000da900000,0x00000000dae00000)
  to   space 5120K, 0% used [0x00000000dec00000,0x00000000dec00000,0x00000000df100000)
 ParOldGen       total 51200K, used 6840K [0x0000000084000000, 0x0000000087200000, 0x00000000d6b00000)
  object space 51200K, 13% used [0x0000000084000000,0x00000000846ae1b8,0x0000000087200000)
 Metaspace       used 22173K, capacity 23133K, committed 23344K, reserved 1069056K
  class space    used 2763K, capacity 2992K, committed 3072K, reserved 1048576K
GC Heap History (8 events):
Event: 0.518 GC heap before
{Heap before GC invocations=1 (full 0):
 PSYoungGen      total 36864K, used 31744K [0x00000000d6b00000, 0x00000000d9400000, 0x0000000100000000)
  eden space 31744K, 100% used [0x00000000d6b00000,0x00000000d8a00000,0x00000000d8a00000)
  from space 5120K, 0% used [0x00000000d8f00000,0x00000000d8f00000,0x00000000d9400000)
  to   space 5120K, 0% used [0x00000000d8a00000,0x00000000d8a00000,0x00000000d8f00000)
 ParOldGen       total 84992K, used 0K [0x0000000084000000, 0x0000000089300000, 0x00000000d6b00000)
  object space 84992K, 0% used [0x0000000084000000,0x0000000084000000,0x0000000089300000)
 Metaspace       used 10906K, capacity 11364K, committed 11520K, reserved 1058816K
  class space    used 1302K, capacity 1432K, committed 1536K, reserved 1048576K
Event: 0.525 GC heap after
Heap after GC invocations=1 (full 0):
 PSYoungGen      total 36864K, used 5114K [0x00000000d6b00000, 0x00000000db300000, 0x0000000100000000)
  eden space 31744K, 0% used [0x00000000d6b00000,0x00000000d6b00000,0x00000000d8a00000)
  from space 5120K, 99% used [0x00000000d8a00000,0x00000000d8efe940,0x00000000d8f00000)
  to   space 5120K, 0% used [0x00000000dae00000,0x00000000dae00000,0x00000000db300000)
 ParOldGen       total 84992K, used 1391K [0x0000000084000000, 0x0000000089300000, 0x00000000d6b00000)
  object space 84992K, 1% used [0x0000000084000000,0x000000008415bf88,0x0000000089300000)
 Metaspace       used 10906K, capacity 11364K, committed 11520K, reserved 1058816K
  class space    used 1302K, capacity 1432K, committed 1536K, reserved 1048576K
}
Event: 1.404 GC heap before
{Heap before GC invocations=2 (full 0):
 PSYoungGen      total 36864K, used 36858K [0x00000000d6b00000, 0x00000000db300000, 0x0000000100000000)
  eden space 31744K, 100% used [0x00000000d6b00000,0x00000000d8a00000,0x00000000d8a00000)
  from space 5120K, 99% used [0x00000000d8a00000,0x00000000d8efe940,0x00000000d8f00000)
  to   space 5120K, 0% used [0x00000000dae00000,0x00000000dae00000,0x00000000db300000)
 ParOldGen       total 84992K, used 1391K [0x0000000084000000, 0x0000000089300000, 0x00000000d6b00000)
  object space 84992K, 1% used [0x0000000084000000,0x000000008415bf88,0x0000000089300000)
 Metaspace       used 19465K, capacity 20171K, committed 20352K, reserved 1067008K
  class space    used 2395K, capacity 2575K, committed 2688K, reserved 1048576K
Event: 1.419 GC heap after
Heap after GC invocations=2 (full 0):
 PSYoungGen      total 68608K, used 5095K [0x00000000d6b00000, 0x00000000db300000, 0x0000000100000000)
  eden space 63488K, 0% used [0x00000000d6b00000,0x00000000d6b00000,0x00000000da900000)
  from space 5120K, 99% used [0x00000000dae00000,0x00000000db2f9c90,0x00000000db300000)
  to   space 5120K, 0% used [0x00000000da900000,0x00000000da900000,0x00000000dae00000)
 ParOldGen       total 84992K, used 6382K [0x0000000084000000, 0x0000000089300000, 0x00000000d6b00000)
  object space 84992K, 7% used [0x0000000084000000,0x000000008463bac0,0x0000000089300000)
 Metaspace       used 19465K, capacity 20171K, committed 20352K, reserved 1067008K
  class space    used 2395K, capacity 2575K, committed 2688K, reserved 1048576K
}
Event: 1.479 GC heap before
{Heap before GC invocations=3 (full 0):
 PSYoungGen      total 68608K, used 8920K [0x00000000d6b00000, 0x00000000db300000, 0x0000000100000000)
  eden space 63488K, 6% used [0x00000000d6b00000,0x00000000d6ebc6c8,0x00000000da900000)
  from space 5120K, 99% used [0x00000000dae00000,0x00000000db2f9c90,0x00000000db300000)
  to   space 5120K, 0% used [0x00000000da900000,0x00000000da900000,0x00000000dae00000)
 ParOldGen       total 84992K, used 6382K [0x0000000084000000, 0x0000000089300000, 0x00000000d6b00000)
  object space 84992K, 7% used [0x0000000084000000,0x000000008463bac0,0x0000000089300000)
 Metaspace       used 20439K, capacity 21285K, committed 21296K, reserved 1069056K
  class space    used 2592K, capacity 2816K, committed 2816K, reserved 1048576K
Event: 1.495 GC heap after
Heap after GC invocations=3 (full 0):
 PSYoungGen      total 68608K, used 5111K [0x00000000d6b00000, 0x00000000df100000, 0x0000000100000000)
  eden space 63488K, 0% used [0x00000000d6b00000,0x00000000d6b00000,0x00000000da900000)
  from space 5120K, 99% used [0x00000000da900000,0x00000000dadfdc80,0x00000000dae00000)
  to   space 5120K, 0% used [0x00000000dec00000,0x00000000dec00000,0x00000000df100000)
 ParOldGen       total 84992K, used 7147K [0x0000000084000000, 0x0000000089300000, 0x00000000d6b00000)
  object space 84992K, 8% used [0x0000000084000000,0x00000000846faf20,0x0000000089300000)
 Metaspace       used 20439K, capacity 21285K, committed 21296K, reserved 1069056K
  class space    used 2592K, capacity 2816K, committed 2816K, reserved 1048576K
}
Event: 1.495 GC heap before
{Heap before GC invocations=4 (full 1):
 PSYoungGen      total 68608K, used 5111K [0x00000000d6b00000, 0x00000000df100000, 0x0000000100000000)
  eden space 63488K, 0% used [0x00000000d6b00000,0x00000000d6b00000,0x00000000da900000)
  from space 5120K, 99% used [0x00000000da900000,0x00000000dadfdc80,0x00000000dae00000)
  to   space 5120K, 0% used [0x00000000dec00000,0x00000000dec00000,0x00000000df100000)
 ParOldGen       total 84992K, used 7147K [0x0000000084000000, 0x0000000089300000, 0x00000000d6b00000)
  object space 84992K, 8% used [0x0000000084000000,0x00000000846faf20,0x0000000089300000)
 Metaspace       used 20439K, capacity 21285K, committed 21296K, reserved 1069056K
  class space    used 2592K, capacity 2816K, committed 2816K, reserved 1048576K
Event: 1.526 GC heap after
Heap after GC invocations=4 (full 1):
 PSYoungGen      total 68608K, used 0K [0x00000000d6b00000, 0x00000000df100000, 0x0000000100000000)
  eden space 63488K, 0% used [0x00000000d6b00000,0x00000000d6b00000,0x00000000da900000)
  from space 5120K, 0% used [0x00000000da900000,0x00000000da900000,0x00000000dae00000)
  to   space 5120K, 0% used [0x00000000dec00000,0x00000000dec00000,0x00000000df100000)
 ParOldGen       total 51200K, used 6840K [0x0000000084000000, 0x0000000087200000, 0x00000000d6b00000)
  object space 51200K, 13% used [0x0000000084000000,0x00000000846ae1b8,0x0000000087200000)
 Metaspace       used 20439K, capacity 21285K, committed 21296K, reserved 1069056K
  class space    used 2592K, capacity 2816K, committed 2816K, reserved 1048576K
}

