# JRE version: OpenJDK Runtime Environment (8.0_60-b24) (build 1.8.0_60-b24)
# Java VM: OpenJDK 64-Bit Server VM (25.60-b23 mixed mode linux-amd64 compressed oops)
Heap:
 PSYoungGen      total 340992K, used 243899K [0x00000000d6b00000, 0x00000000f4600000, 0x0000000100000000)
  eden space 310272K, 77% used [0x00000000d6b00000,0x00000000e546ef20,0x00000000e9a00000)
  from space 30720K, 15% used [0x00000000e9a00000,0x00000000e9ebfe18,0x00000000eb800000)
  to   space 30208K, 0% used [0x00000000f2880000,0x00000000f2880000,0x00000000f4600000)
 ParOldGen       total 112128K, used 39760K [0x0000000084000000, 0x000000008ad80000, 0x00000000d6b00000)
  object space 112128K, 35% used [0x0000000084000000,0x00000000866d42e0,0x000000008ad80000)
 Metaspace       used 24620K, capacity 25633K, committed 25856K, reserved 1073152K
  class space    used 2811K, capacity 3044K, committed 3072K, reserved 1048576K
GC Heap History (10 events):
Event: 21.596 GC heap before
{Heap before GC invocations=7 (full 2):
 PSYoungGen      total 111104K, used 105984K [0x00000000d6b00000, 0x00000000df100000, 0x0000000100000000)
  eden space 105984K, 100% used [0x00000000d6b00000,0x00000000dd280000,0x00000000dd280000)
  from space 5120K, 0% used [0x00000000dec00000,0x00000000dec00000,0x00000000df100000)
  to   space 5120K, 0% used [0x00000000de700000,0x00000000de700000,0x00000000dec00000)
 ParOldGen       total 112128K, used 29346K [0x0000000084000000, 0x000000008ad80000, 0x00000000d6b00000)
  object space 112128K, 26% used [0x0000000084000000,0x0000000085ca8b30,0x000000008ad80000)
 Metaspace       used 24088K, capacity 25089K, committed 25344K, reserved 1071104K
  class space    used 2800K, capacity 3040K, committed 3072K, reserved 1048576K
Event: 21.607 GC heap after
Heap after GC invocations=7 (full 2):
 PSYoungGen      total 132096K, used 5105K [0x00000000d6b00000, 0x00000000e6400000, 0x0000000100000000)
  eden space 126976K, 0% used [0x00000000d6b00000,0x00000000d6b00000,0x00000000de700000)
  from space 5120K, 99% used [0x00000000de700000,0x00000000debfc708,0x00000000dec00000)
  to   space 35328K, 0% used [0x00000000e4180000,0x00000000e4180000,0x00000000e6400000)
 ParOldGen       total 112128K, used 34422K [0x0000000084000000, 0x000000008ad80000, 0x00000000d6b00000)
  object space 112128K, 30% used [0x0000000084000000,0x000000008619dbd8,0x000000008ad80000)
 Metaspace       used 24088K, capacity 25089K, committed 25344K, reserved 1071104K
  class space    used 2800K, capacity 3040K, committed 3072K, reserved 1048576K
}
Event: 24.713 GC heap before
{Heap before GC invocations=8 (full 2):
 PSYoungGen      total 132096K, used 132081K [0x00000000d6b00000, 0x00000000e6400000, 0x0000000100000000)
  eden space 126976K, 100% used [0x00000000d6b00000,0x00000000de700000,0x00000000de700000)
  from space 5120K, 99% used [0x00000000de700000,0x00000000debfc708,0x00000000dec00000)
  to   space 35328K, 0% used [0x00000000e4180000,0x00000000e4180000,0x00000000e6400000)
 ParOldGen       total 112128K, used 34422K [0x0000000084000000, 0x000000008ad80000, 0x00000000d6b00000)
  object space 112128K, 30% used [0x0000000084000000,0x000000008619dbd8,0x000000008ad80000)
 Metaspace       used 24194K, capacity 25217K, committed 25344K, reserved 1071104K
  class space    used 2800K, capacity 3040K, committed 3072K, reserved 1048576K
Event: 24.723 GC heap after
Heap after GC invocations=8 (full 2):
 PSYoungGen      total 221184K, used 7239K [0x00000000d6b00000, 0x00000000e7e80000, 0x0000000100000000)
  eden space 185856K, 0% used [0x00000000d6b00000,0x00000000d6b00000,0x00000000e2080000)
  from space 35328K, 20% used [0x00000000e4180000,0x00000000e4891f20,0x00000000e6400000)
  to   space 33792K, 0% used [0x00000000e2080000,0x00000000e2080000,0x00000000e4180000)
 ParOldGen       total 112128K, used 34430K [0x0000000084000000, 0x000000008ad80000, 0x00000000d6b00000)
  object space 112128K, 30% used [0x0000000084000000,0x000000008619fbd8,0x000000008ad80000)
 Metaspace       used 24194K, capacity 25217K, committed 25344K, reserved 1071104K
  class space    used 2800K, capacity 3040K, committed 3072K, reserved 1048576K
}
Event: 25.353 GC heap before
{Heap before GC invocations=9 (full 2):
 PSYoungGen      total 221184K, used 193095K [0x00000000d6b00000, 0x00000000e7e80000, 0x0000000100000000)
  eden space 185856K, 100% used [0x00000000d6b00000,0x00000000e2080000,0x00000000e2080000)
  from space 35328K, 20% used [0x00000000e4180000,0x00000000e4891f20,0x00000000e6400000)
  to   space 33792K, 0% used [0x00000000e2080000,0x00000000e2080000,0x00000000e4180000)
 ParOldGen       total 112128K, used 34430K [0x0000000084000000, 0x000000008ad80000, 0x00000000d6b00000)
  object space 112128K, 30% used [0x0000000084000000,0x000000008619fbd8,0x000000008ad80000)
 Metaspace       used 24239K, capacity 25221K, committed 25344K, reserved 1071104K
  class space    used 2800K, capacity 3040K, committed 3072K, reserved 1048576K
Event: 25.364 GC heap after
Heap after GC invocations=9 (full 2):
 PSYoungGen      total 219648K, used 8795K [0x00000000d6b00000, 0x00000000ed900000, 0x0000000100000000)
  eden space 185856K, 0% used [0x00000000d6b00000,0x00000000d6b00000,0x00000000e2080000)
  from space 33792K, 26% used [0x00000000e2080000,0x00000000e2916f58,0x00000000e4180000)
  to   space 32256K, 0% used [0x00000000eb980000,0x00000000eb980000,0x00000000ed900000)
 ParOldGen       total 112128K, used 34438K [0x0000000084000000, 0x000000008ad80000, 0x00000000d6b00000)
  object space 112128K, 30% used [0x0000000084000000,0x00000000861a1bd8,0x000000008ad80000)
 Metaspace       used 24239K, capacity 25221K, committed 25344K, reserved 1071104K
  class space    used 2800K, capacity 3040K, committed 3072K, reserved 1048576K
}
Event: 27.604 GC heap before
{Heap before GC invocations=10 (full 2):
 PSYoungGen      total 219648K, used 194651K [0x00000000d6b00000, 0x00000000ed900000, 0x0000000100000000)
  eden space 185856K, 100% used [0x00000000d6b00000,0x00000000e2080000,0x00000000e2080000)
  from space 33792K, 26% used [0x00000000e2080000,0x00000000e2916f58,0x00000000e4180000)
  to   space 32256K, 0% used [0x00000000eb980000,0x00000000eb980000,0x00000000ed900000)
 ParOldGen       total 112128K, used 34438K [0x0000000084000000, 0x000000008ad80000, 0x00000000d6b00000)
  object space 112128K, 30% used [0x0000000084000000,0x00000000861a1bd8,0x000000008ad80000)
 Metaspace       used 24614K, capacity 25633K, committed 25856K, reserved 1073152K
  class space    used 2811K, capacity 3044K, committed 3072K, reserved 1048576K
Event: 27.654 GC heap after
Heap after GC invocations=10 (full 2):
 PSYoungGen      total 339456K, used 9521K [0x00000000d6b00000, 0x00000000ed600000, 0x0000000100000000)
  eden space 310272K, 0% used [0x00000000d6b00000,0x00000000d6b00000,0x00000000e9a00000)
  from space 29184K, 32% used [0x00000000eb980000,0x00000000ec2cc4e8,0x00000000ed600000)
  to   space 30720K, 0% used [0x00000000e9a00000,0x00000000e9a00000,0x00000000eb800000)
 ParOldGen       total 112128K, used 34446K [0x0000000084000000, 0x000000008ad80000, 0x00000000d6b00000)
  object space 112128K, 30% used [0x0000000084000000,0x00000000861a3bd8,0x000000008ad80000)
 Metaspace       used 24614K, capacity 25633K, committed 25856K, reserved 1073152K
  class space    used 2811K, capacity 3044K, committed 3072K, reserved 1048576K
}
Event: 29.235 GC heap before
{Heap before GC invocations=11 (full 2):
 PSYoungGen      total 339456K, used 319793K [0x00000000d6b00000, 0x00000000ed600000, 0x0000000100000000)
  eden space 310272K, 100% used [0x00000000d6b00000,0x00000000e9a00000,0x00000000e9a00000)
  from space 29184K, 32% used [0x00000000eb980000,0x00000000ec2cc4e8,0x00000000ed600000)
  to   space 30720K, 0% used [0x00000000e9a00000,0x00000000e9a00000,0x00000000eb800000)
 ParOldGen       total 112128K, used 34446K [0x0000000084000000, 0x000000008ad80000, 0x00000000d6b00000)
  object space 112128K, 30% used [0x0000000084000000,0x00000000861a3bd8,0x000000008ad80000)
 Metaspace       used 24617K, capacity 25633K, committed 25856K, reserved 1073152K
  class space    used 2811K, capacity 3044K, committed 3072K, reserved 1048576K
Event: 29.243 GC heap after
Heap after GC invocations=11 (full 2):
 PSYoungGen      total 340992K, used 4863K [0x00000000d6b00000, 0x00000000f4600000, 0x0000000100000000)
  eden space 310272K, 0% used [0x00000000d6b00000,0x00000000d6b00000,0x00000000e9a00000)
  from space 30720K, 15% used [0x00000000e9a00000,0x00000000e9ebfe18,0x00000000eb800000)
  to   space 30208K, 0% used [0x00000000f2880000,0x00000000f2880000,0x00000000f4600000)
 ParOldGen       total 112128K, used 39760K [0x0000000084000000, 0x000000008ad80000, 0x00000000d6b00000)
  object space 112128K, 35% used [0x0000000084000000,0x00000000866d42e0,0x000000008ad80000)
 Metaspace       used 24617K, capacity 25633K, committed 25856K, reserved 1073152K
  class space    used 2811K, capacity 3044K, committed 3072K, reserved 1048576K
}

