# JRE version: OpenJDK Runtime Environment (8.0_60-b24) (build 1.8.0_60-b24)
# Java VM: OpenJDK 64-Bit Server VM (25.60-b23 mixed mode linux-amd64 compressed oops)
Heap:
 PSYoungGen      total 68608K, used 41139K [0x00000000d6b00000, 0x00000000df100000, 0x0000000100000000)
  eden space 63488K, 64% used [0x00000000d6b00000,0x00000000d932ce60,0x00000000da900000)
  from space 5120K, 0% used [0x00000000da900000,0x00000000da900000,0x00000000dae00000)
  to   space 5120K, 0% used [0x00000000dec00000,0x00000000dec00000,0x00000000df100000)
 ParOldGen       total 51712K, used 6539K [0x0000000084000000, 0x0000000087280000, 0x00000000d6b00000)
  object space 51712K, 12% used [0x0000000084000000,0x0000000084662e68,0x0000000087280000)
 Metaspace       used 22754K, capacity 23801K, committed 24064K, reserved 1071104K
  class space    used 2769K, capacity 3024K, committed 3072K, reserved 1048576K
GC Heap History (8 events):
Event: 0.538 GC heap before
{Heap before GC invocations=1 (full 0):
 PSYoungGen      total 36864K, used 31744K [0x00000000d6b00000, 0x00000000d9400000, 0x0000000100000000)
  eden space 31744K, 100% used [0x00000000d6b00000,0x00000000d8a00000,0x00000000d8a00000)
  from space 5120K, 0% used [0x00000000d8f00000,0x00000000d8f00000,0x00000000d9400000)
  to   space 5120K, 0% used [0x00000000d8a00000,0x00000000d8a00000,0x00000000d8f00000)
 ParOldGen       total 84992K, used 0K [0x0000000084000000, 0x0000000089300000, 0x00000000d6b00000)
  object space 84992K, 0% used [0x0000000084000000,0x0000000084000000,0x0000000089300000)
 Metaspace       used 11049K, capacity 11572K, committed 11776K, reserved 1058816K
  class space    used 1320K, capacity 1464K, committed 1536K, reserved 1048576K
Event: 0.548 GC heap after
Heap after GC invocations=1 (full 0):
 PSYoungGen      total 36864K, used 5111K [0x00000000d6b00000, 0x00000000db300000, 0x0000000100000000)
  eden space 31744K, 0% used [0x00000000d6b00000,0x00000000d6b00000,0x00000000d8a00000)
  from space 5120K, 99% used [0x00000000d8a00000,0x00000000d8efddd0,0x00000000d8f00000)
  to   space 5120K, 0% used [0x00000000dae00000,0x00000000dae00000,0x00000000db300000)
 ParOldGen       total 84992K, used 1404K [0x0000000084000000, 0x0000000089300000, 0x00000000d6b00000)
  object space 84992K, 1% used [0x0000000084000000,0x000000008415f2e8,0x0000000089300000)
 Metaspace       used 11049K, capacity 11572K, committed 11776K, reserved 1058816K
  class space    used 1320K, capacity 1464K, committed 1536K, reserved 1048576K
}
Event: 1.542 GC heap before
{Heap before GC invocations=2 (full 0):
 PSYoungGen      total 36864K, used 36855K [0x00000000d6b00000, 0x00000000db300000, 0x0000000100000000)
  eden space 31744K, 100% used [0x00000000d6b00000,0x00000000d8a00000,0x00000000d8a00000)
  from space 5120K, 99% used [0x00000000d8a00000,0x00000000d8efddd0,0x00000000d8f00000)
  to   space 5120K, 0% used [0x00000000dae00000,0x00000000dae00000,0x00000000db300000)
 ParOldGen       total 84992K, used 1404K [0x0000000084000000, 0x0000000089300000, 0x00000000d6b00000)
  object space 84992K, 1% used [0x0000000084000000,0x000000008415f2e8,0x0000000089300000)
 Metaspace       used 19761K, capacity 20459K, committed 20608K, reserved 1067008K
  class space    used 2471K, capacity 2673K, committed 2688K, reserved 1048576K
Event: 1.552 GC heap after
Heap after GC invocations=2 (full 0):
 PSYoungGen      total 68608K, used 5095K [0x00000000d6b00000, 0x00000000db300000, 0x0000000100000000)
  eden space 63488K, 0% used [0x00000000d6b00000,0x00000000d6b00000,0x00000000da900000)
  from space 5120K, 99% used [0x00000000dae00000,0x00000000db2f9c90,0x00000000db300000)
  to   space 5120K, 0% used [0x00000000da900000,0x00000000da900000,0x00000000dae00000)
 ParOldGen       total 84992K, used 6544K [0x0000000084000000, 0x0000000089300000, 0x00000000d6b00000)
  object space 84992K, 7% used [0x0000000084000000,0x0000000084664168,0x0000000089300000)
 Metaspace       used 19761K, capacity 20459K, committed 20608K, reserved 1067008K
  class space    used 2471K, capacity 2673K, committed 2688K, reserved 1048576K
}
Event: 1.589 GC heap before
{Heap before GC invocations=3 (full 0):
 PSYoungGen      total 68608K, used 7825K [0x00000000d6b00000, 0x00000000db300000, 0x0000000100000000)
  eden space 63488K, 4% used [0x00000000d6b00000,0x00000000d6daa810,0x00000000da900000)
  from space 5120K, 99% used [0x00000000dae00000,0x00000000db2f9c90,0x00000000db300000)
  to   space 5120K, 0% used [0x00000000da900000,0x00000000da900000,0x00000000dae00000)
 ParOldGen       total 84992K, used 6544K [0x0000000084000000, 0x0000000089300000, 0x00000000d6b00000)
  object space 84992K, 7% used [0x0000000084000000,0x0000000084664168,0x0000000089300000)
 Metaspace       used 20360K, capacity 21237K, committed 21296K, reserved 1069056K
  class space    used 2572K, capacity 2784K, committed 2816K, reserved 1048576K
Event: 1.597 GC heap after
Heap after GC invocations=3 (full 0):
 PSYoungGen      total 68608K, used 5111K [0x00000000d6b00000, 0x00000000df100000, 0x0000000100000000)
  eden space 63488K, 0% used [0x00000000d6b00000,0x00000000d6b00000,0x00000000da900000)
  from space 5120K, 99% used [0x00000000da900000,0x00000000dadfdc80,0x00000000dae00000)
  to   space 5120K, 0% used [0x00000000dec00000,0x00000000dec00000,0x00000000df100000)
 ParOldGen       total 84992K, used 7030K [0x0000000084000000, 0x0000000089300000, 0x00000000d6b00000)
  object space 84992K, 8% used [0x0000000084000000,0x00000000846dd838,0x0000000089300000)
 Metaspace       used 20360K, capacity 21237K, committed 21296K, reserved 1069056K
  class space    used 2572K, capacity 2784K, committed 2816K, reserved 1048576K
}
Event: 1.597 GC heap before
{Heap before GC invocations=4 (full 1):
 PSYoungGen      total 68608K, used 5111K [0x00000000d6b00000, 0x00000000df100000, 0x0000000100000000)
  eden space 63488K, 0% used [0x00000000d6b00000,0x00000000d6b00000,0x00000000da900000)
  from space 5120K, 99% used [0x00000000da900000,0x00000000dadfdc80,0x00000000dae00000)
  to   space 5120K, 0% used [0x00000000dec00000,0x00000000dec00000,0x00000000df100000)
 ParOldGen       total 84992K, used 7030K [0x0000000084000000, 0x0000000089300000, 0x00000000d6b00000)
  object space 84992K, 8% used [0x0000000084000000,0x00000000846dd838,0x0000000089300000)
 Metaspace       used 20360K, capacity 21237K, committed 21296K, reserved 1069056K
  class space    used 2572K, capacity 2784K, committed 2816K, reserved 1048576K
Event: 1.625 GC heap after
Heap after GC invocations=4 (full 1):
 PSYoungGen      total 68608K, used 0K [0x00000000d6b00000, 0x00000000df100000, 0x0000000100000000)
  eden space 63488K, 0% used [0x00000000d6b00000,0x00000000d6b00000,0x00000000da900000)
  from space 5120K, 0% used [0x00000000da900000,0x00000000da900000,0x00000000dae00000)
  to   space 5120K, 0% used [0x00000000dec00000,0x00000000dec00000,0x00000000df100000)
 ParOldGen       total 51712K, used 6539K [0x0000000084000000, 0x0000000087280000, 0x00000000d6b00000)
  object space 51712K, 12% used [0x0000000084000000,0x0000000084662e68,0x0000000087280000)
 Metaspace       used 20360K, capacity 21237K, committed 21296K, reserved 1069056K
  class space    used 2572K, capacity 2784K, committed 2816K, reserved 1048576K
}

