# JRE version: OpenJDK Runtime Environment (8.0_60-b24) (build 1.8.0_60-b24)
# Java VM: OpenJDK 64-Bit Server VM (25.60-b23 mixed mode linux-amd64 compressed oops)
Heap:
 PSYoungGen      total 68608K, used 28623K [0x00000000d6b00000, 0x00000000df100000, 0x0000000100000000)
  eden space 63488K, 45% used [0x00000000d6b00000,0x00000000d86f3ca8,0x00000000da900000)
  from space 5120K, 0% used [0x00000000da900000,0x00000000da900000,0x00000000dae00000)
  to   space 5120K, 0% used [0x00000000dec00000,0x00000000dec00000,0x00000000df100000)
 ParOldGen       total 51200K, used 6540K [0x0000000084000000, 0x0000000087200000, 0x00000000d6b00000)
  object space 51200K, 12% used [0x0000000084000000,0x00000000846632b0,0x0000000087200000)
 Metaspace       used 22048K, capacity 23073K, committed 23344K, reserved 1069056K
  class space    used 2739K, capacity 2992K, committed 3072K, reserved 1048576K
GC Heap History (8 events):
Event: 0.625 GC heap before
{Heap before GC invocations=1 (full 0):
 PSYoungGen      total 36864K, used 31744K [0x00000000d6b00000, 0x00000000d9400000, 0x0000000100000000)
  eden space 31744K, 100% used [0x00000000d6b00000,0x00000000d8a00000,0x00000000d8a00000)
  from space 5120K, 0% used [0x00000000d8f00000,0x00000000d8f00000,0x00000000d9400000)
  to   space 5120K, 0% used [0x00000000d8a00000,0x00000000d8a00000,0x00000000d8f00000)
 ParOldGen       total 84992K, used 0K [0x0000000084000000, 0x0000000089300000, 0x00000000d6b00000)
  object space 84992K, 0% used [0x0000000084000000,0x0000000084000000,0x0000000089300000)
 Metaspace       used 11069K, capacity 11584K, committed 11776K, reserved 1058816K
  class space    used 1319K, capacity 1464K, committed 1536K, reserved 1048576K
Event: 0.636 GC heap after
Heap after GC invocations=1 (full 0):
 PSYoungGen      total 36864K, used 5108K [0x00000000d6b00000, 0x00000000db300000, 0x0000000100000000)
  eden space 31744K, 0% used [0x00000000d6b00000,0x00000000d6b00000,0x00000000d8a00000)
  from space 5120K, 99% used [0x00000000d8a00000,0x00000000d8efd128,0x00000000d8f00000)
  to   space 5120K, 0% used [0x00000000dae00000,0x00000000dae00000,0x00000000db300000)
 ParOldGen       total 84992K, used 1358K [0x0000000084000000, 0x0000000089300000, 0x00000000d6b00000)
  object space 84992K, 1% used [0x0000000084000000,0x0000000084153838,0x0000000089300000)
 Metaspace       used 11069K, capacity 11584K, committed 11776K, reserved 1058816K
  class space    used 1319K, capacity 1464K, committed 1536K, reserved 1048576K
}
Event: 1.593 GC heap before
{Heap before GC invocations=2 (full 0):
 PSYoungGen      total 36864K, used 36852K [0x00000000d6b00000, 0x00000000db300000, 0x0000000100000000)
  eden space 31744K, 100% used [0x00000000d6b00000,0x00000000d8a00000,0x00000000d8a00000)
  from space 5120K, 99% used [0x00000000d8a00000,0x00000000d8efd128,0x00000000d8f00000)
  to   space 5120K, 0% used [0x00000000dae00000,0x00000000dae00000,0x00000000db300000)
 ParOldGen       total 84992K, used 1358K [0x0000000084000000, 0x0000000089300000, 0x00000000d6b00000)
  object space 84992K, 1% used [0x0000000084000000,0x0000000084153838,0x0000000089300000)
 Metaspace       used 19763K, capacity 20469K, committed 20608K, reserved 1067008K
  class space    used 2473K, capacity 2674K, committed 2688K, reserved 1048576K
Event: 1.603 GC heap after
Heap after GC invocations=2 (full 0):
 PSYoungGen      total 68608K, used 5095K [0x00000000d6b00000, 0x00000000db300000, 0x0000000100000000)
  eden space 63488K, 0% used [0x00000000d6b00000,0x00000000d6b00000,0x00000000da900000)
  from space 5120K, 99% used [0x00000000dae00000,0x00000000db2f9ca0,0x00000000db300000)
  to   space 5120K, 0% used [0x00000000da900000,0x00000000da900000,0x00000000dae00000)
 ParOldGen       total 84992K, used 6495K [0x0000000084000000, 0x0000000089300000, 0x00000000d6b00000)
  object space 84992K, 7% used [0x0000000084000000,0x0000000084657ec0,0x0000000089300000)
 Metaspace       used 19763K, capacity 20469K, committed 20608K, reserved 1067008K
  class space    used 2473K, capacity 2674K, committed 2688K, reserved 1048576K
}
Event: 1.641 GC heap before
{Heap before GC invocations=3 (full 0):
 PSYoungGen      total 68608K, used 7795K [0x00000000d6b00000, 0x00000000db300000, 0x0000000100000000)
  eden space 63488K, 4% used [0x00000000d6b00000,0x00000000d6da30a0,0x00000000da900000)
  from space 5120K, 99% used [0x00000000dae00000,0x00000000db2f9ca0,0x00000000db300000)
  to   space 5120K, 0% used [0x00000000da900000,0x00000000da900000,0x00000000dae00000)
 ParOldGen       total 84992K, used 6495K [0x0000000084000000, 0x0000000089300000, 0x00000000d6b00000)
  object space 84992K, 7% used [0x0000000084000000,0x0000000084657ec0,0x0000000089300000)
 Metaspace       used 20353K, capacity 21245K, committed 21296K, reserved 1069056K
  class space    used 2572K, capacity 2784K, committed 2816K, reserved 1048576K
Event: 1.649 GC heap after
Heap after GC invocations=3 (full 0):
 PSYoungGen      total 68608K, used 5095K [0x00000000d6b00000, 0x00000000df100000, 0x0000000100000000)
  eden space 63488K, 0% used [0x00000000d6b00000,0x00000000d6b00000,0x00000000da900000)
  from space 5120K, 99% used [0x00000000da900000,0x00000000dadf9c90,0x00000000dae00000)
  to   space 5120K, 0% used [0x00000000dec00000,0x00000000dec00000,0x00000000df100000)
 ParOldGen       total 84992K, used 6989K [0x0000000084000000, 0x0000000089300000, 0x00000000d6b00000)
  object space 84992K, 8% used [0x0000000084000000,0x00000000846d35a0,0x0000000089300000)
 Metaspace       used 20353K, capacity 21245K, committed 21296K, reserved 1069056K
  class space    used 2572K, capacity 2784K, committed 2816K, reserved 1048576K
}
Event: 1.649 GC heap before
{Heap before GC invocations=4 (full 1):
 PSYoungGen      total 68608K, used 5095K [0x00000000d6b00000, 0x00000000df100000, 0x0000000100000000)
  eden space 63488K, 0% used [0x00000000d6b00000,0x00000000d6b00000,0x00000000da900000)
  from space 5120K, 99% used [0x00000000da900000,0x00000000dadf9c90,0x00000000dae00000)
  to   space 5120K, 0% used [0x00000000dec00000,0x00000000dec00000,0x00000000df100000)
 ParOldGen       total 84992K, used 6989K [0x0000000084000000, 0x0000000089300000, 0x00000000d6b00000)
  object space 84992K, 8% used [0x0000000084000000,0x00000000846d35a0,0x0000000089300000)
 Metaspace       used 20353K, capacity 21245K, committed 21296K, reserved 1069056K
  class space    used 2572K, capacity 2784K, committed 2816K, reserved 1048576K
Event: 1.677 GC heap after
Heap after GC invocations=4 (full 1):
 PSYoungGen      total 68608K, used 0K [0x00000000d6b00000, 0x00000000df100000, 0x0000000100000000)
  eden space 63488K, 0% used [0x00000000d6b00000,0x00000000d6b00000,0x00000000da900000)
  from space 5120K, 0% used [0x00000000da900000,0x00000000da900000,0x00000000dae00000)
  to   space 5120K, 0% used [0x00000000dec00000,0x00000000dec00000,0x00000000df100000)
 ParOldGen       total 51200K, used 6540K [0x0000000084000000, 0x0000000087200000, 0x00000000d6b00000)
  object space 51200K, 12% used [0x0000000084000000,0x00000000846632b0,0x0000000087200000)
 Metaspace       used 20353K, capacity 21245K, committed 21296K, reserved 1069056K
  class space    used 2572K, capacity 2784K, committed 2816K, reserved 1048576K
}

