# JRE version: OpenJDK Runtime Environment (8.0_60-b24) (build 1.8.0_60-b24)
# Java VM: OpenJDK 64-Bit Server VM (25.60-b23 mixed mode linux-amd64 compressed oops)
Heap:
 PSYoungGen      total 68608K, used 60040K [0x00000000d6b00000, 0x00000000df100000, 0x0000000100000000)
  eden space 63488K, 94% used [0x00000000d6b00000,0x00000000da5a2118,0x00000000da900000)
  from space 5120K, 0% used [0x00000000da900000,0x00000000da900000,0x00000000dae00000)
  to   space 5120K, 0% used [0x00000000dec00000,0x00000000dec00000,0x00000000df100000)
 ParOldGen       total 52736K, used 7000K [0x0000000084000000, 0x0000000087380000, 0x00000000d6b00000)
  object space 52736K, 13% used [0x0000000084000000,0x00000000846d62a0,0x0000000087380000)
 Metaspace       used 23528K, capacity 24553K, committed 24576K, reserved 1071104K
  class space    used 2814K, capacity 3062K, committed 3072K, reserved 1048576K
GC Heap History (8 events):
Event: 0.503 GC heap before
{Heap before GC invocations=1 (full 0):
 PSYoungGen      total 36864K, used 31744K [0x00000000d6b00000, 0x00000000d9400000, 0x0000000100000000)
  eden space 31744K, 100% used [0x00000000d6b00000,0x00000000d8a00000,0x00000000d8a00000)
  from space 5120K, 0% used [0x00000000d8f00000,0x00000000d8f00000,0x00000000d9400000)
  to   space 5120K, 0% used [0x00000000d8a00000,0x00000000d8a00000,0x00000000d8f00000)
 ParOldGen       total 84992K, used 0K [0x0000000084000000, 0x0000000089300000, 0x00000000d6b00000)
  object space 84992K, 0% used [0x0000000084000000,0x0000000084000000,0x0000000089300000)
 Metaspace       used 11126K, capacity 11570K, committed 11776K, reserved 1058816K
  class space    used 1324K, capacity 1463K, committed 1536K, reserved 1048576K
Event: 0.511 GC heap after
Heap after GC invocations=1 (full 0):
 PSYoungGen      total 36864K, used 5088K [0x00000000d6b00000, 0x00000000db300000, 0x0000000100000000)
  eden space 31744K, 0% used [0x00000000d6b00000,0x00000000d6b00000,0x00000000d8a00000)
  from space 5120K, 99% used [0x00000000d8a00000,0x00000000d8ef80f8,0x00000000d8f00000)
  to   space 5120K, 0% used [0x00000000dae00000,0x00000000dae00000,0x00000000db300000)
 ParOldGen       total 84992K, used 1477K [0x0000000084000000, 0x0000000089300000, 0x00000000d6b00000)
  object space 84992K, 1% used [0x0000000084000000,0x0000000084171488,0x0000000089300000)
 Metaspace       used 11126K, capacity 11570K, committed 11776K, reserved 1058816K
  class space    used 1324K, capacity 1463K, committed 1536K, reserved 1048576K
}
Event: 1.452 GC heap before
{Heap before GC invocations=2 (full 0):
 PSYoungGen      total 36864K, used 36832K [0x00000000d6b00000, 0x00000000db300000, 0x0000000100000000)
  eden space 31744K, 100% used [0x00000000d6b00000,0x00000000d8a00000,0x00000000d8a00000)
  from space 5120K, 99% used [0x00000000d8a00000,0x00000000d8ef80f8,0x00000000d8f00000)
  to   space 5120K, 0% used [0x00000000dae00000,0x00000000dae00000,0x00000000db300000)
 ParOldGen       total 84992K, used 1477K [0x0000000084000000, 0x0000000089300000, 0x00000000d6b00000)
  object space 84992K, 1% used [0x0000000084000000,0x0000000084171488,0x0000000089300000)
 Metaspace       used 19377K, capacity 20047K, committed 20224K, reserved 1067008K
  class space    used 2322K, capacity 2507K, committed 2560K, reserved 1048576K
Event: 1.464 GC heap after
Heap after GC invocations=2 (full 0):
 PSYoungGen      total 68608K, used 5108K [0x00000000d6b00000, 0x00000000db300000, 0x0000000100000000)
  eden space 63488K, 0% used [0x00000000d6b00000,0x00000000d6b00000,0x00000000da900000)
  from space 5120K, 99% used [0x00000000dae00000,0x00000000db2fd0c0,0x00000000db300000)
  to   space 5120K, 0% used [0x00000000da900000,0x00000000da900000,0x00000000dae00000)
 ParOldGen       total 84992K, used 6110K [0x0000000084000000, 0x0000000089300000, 0x00000000d6b00000)
  object space 84992K, 7% used [0x0000000084000000,0x00000000845f7be0,0x0000000089300000)
 Metaspace       used 19377K, capacity 20047K, committed 20224K, reserved 1067008K
  class space    used 2322K, capacity 2507K, committed 2560K, reserved 1048576K
}
Event: 1.528 GC heap before
{Heap before GC invocations=3 (full 0):
 PSYoungGen      total 68608K, used 8938K [0x00000000d6b00000, 0x00000000db300000, 0x0000000100000000)
  eden space 63488K, 6% used [0x00000000d6b00000,0x00000000d6ebd888,0x00000000da900000)
  from space 5120K, 99% used [0x00000000dae00000,0x00000000db2fd0c0,0x00000000db300000)
  to   space 5120K, 0% used [0x00000000da900000,0x00000000da900000,0x00000000dae00000)
 ParOldGen       total 84992K, used 6110K [0x0000000084000000, 0x0000000089300000, 0x00000000d6b00000)
  object space 84992K, 7% used [0x0000000084000000,0x00000000845f7be0,0x0000000089300000)
 Metaspace       used 20420K, capacity 21147K, committed 21248K, reserved 1067008K
  class space    used 2557K, capacity 2775K, committed 2816K, reserved 1048576K
Event: 1.539 GC heap after
Heap after GC invocations=3 (full 0):
 PSYoungGen      total 68608K, used 5102K [0x00000000d6b00000, 0x00000000df100000, 0x0000000100000000)
  eden space 63488K, 0% used [0x00000000d6b00000,0x00000000d6b00000,0x00000000da900000)
  from space 5120K, 99% used [0x00000000da900000,0x00000000dadfbaf8,0x00000000dae00000)
  to   space 5120K, 0% used [0x00000000dec00000,0x00000000dec00000,0x00000000df100000)
 ParOldGen       total 84992K, used 7040K [0x0000000084000000, 0x0000000089300000, 0x00000000d6b00000)
  object space 84992K, 8% used [0x0000000084000000,0x00000000846e02e0,0x0000000089300000)
 Metaspace       used 20420K, capacity 21147K, committed 21248K, reserved 1067008K
  class space    used 2557K, capacity 2775K, committed 2816K, reserved 1048576K
}
Event: 1.539 GC heap before
{Heap before GC invocations=4 (full 1):
 PSYoungGen      total 68608K, used 5102K [0x00000000d6b00000, 0x00000000df100000, 0x0000000100000000)
  eden space 63488K, 0% used [0x00000000d6b00000,0x00000000d6b00000,0x00000000da900000)
  from space 5120K, 99% used [0x00000000da900000,0x00000000dadfbaf8,0x00000000dae00000)
  to   space 5120K, 0% used [0x00000000dec00000,0x00000000dec00000,0x00000000df100000)
 ParOldGen       total 84992K, used 7040K [0x0000000084000000, 0x0000000089300000, 0x00000000d6b00000)
  object space 84992K, 8% used [0x0000000084000000,0x00000000846e02e0,0x0000000089300000)
 Metaspace       used 20420K, capacity 21147K, committed 21248K, reserved 1067008K
  class space    used 2557K, capacity 2775K, committed 2816K, reserved 1048576K
Event: 1.568 GC heap after
Heap after GC invocations=4 (full 1):
 PSYoungGen      total 68608K, used 0K [0x00000000d6b00000, 0x00000000df100000, 0x0000000100000000)
  eden space 63488K, 0% used [0x00000000d6b00000,0x00000000d6b00000,0x00000000da900000)
  from space 5120K, 0% used [0x00000000da900000,0x00000000da900000,0x00000000dae00000)
  to   space 5120K, 0% used [0x00000000dec00000,0x00000000dec00000,0x00000000df100000)
 ParOldGen       total 52736K, used 7000K [0x0000000084000000, 0x0000000087380000, 0x00000000d6b00000)
  object space 52736K, 13% used [0x0000000084000000,0x00000000846d62a0,0x0000000087380000)
 Metaspace       used 20420K, capacity 21147K, committed 21248K, reserved 1067008K
  class space    used 2557K, capacity 2775K, committed 2816K, reserved 1048576K
}

